This file contains any messages produced by compilers while
running configure, to aid debugging if configure makes a mistake.

It was created by xf86-input-evdev configure 2.5.0, which was
generated by GNU Autoconf 2.65.  Invocation command line was

  $ ./configure 

## --------- ##
## Platform. ##
## --------- ##

hostname = 3ecbbe1bf984
uname -m = i686
uname -r = 4.8.0-34-generic
uname -s = Linux
uname -v = #36-Ubuntu SMP Wed Dec 21 17:24:18 UTC 2016

/usr/bin/uname -p = i686
/bin/uname -X     = unknown

/bin/arch              = i686
/usr/bin/arch -k       = unknown
/usr/convex/getsysinfo = unknown
/usr/bin/hostinfo      = unknown
/bin/machine           = unknown
/usr/bin/oslevel       = unknown
/bin/universe          = unknown

PATH: /usr/local/sbin
PATH: /usr/local/bin
PATH: /usr/sbin
PATH: /usr/bin
PATH: /sbin
PATH: /bin


## ----------- ##
## Core tests. ##
## ----------- ##

configure:2345: checking for a BSD-compatible install
configure:2413: result: /usr/bin/install -c
configure:2424: checking whether build environment is sane
configure:2474: result: yes
configure:2615: checking for a thread-safe mkdir -p
configure:2654: result: /usr/bin/mkdir -p
configure:2667: checking for gawk
configure:2683: found /usr/bin/gawk
configure:2694: result: gawk
configure:2705: checking whether make sets $(MAKE)
configure:2727: result: yes
configure:2808: checking whether to enable maintainer-specific portions of Makefiles
configure:2817: result: no
configure:2892: checking build system type
configure:2906: result: i686-pc-linux-gnu
configure:2926: checking host system type
configure:2939: result: i686-pc-linux-gnu
configure:2971: checking for style of include used by make
configure:2999: result: GNU
configure:3069: checking for gcc
configure:3085: found /usr/bin/gcc
configure:3096: result: gcc
configure:3325: checking for C compiler version
configure:3334: gcc --version >&5
gcc (GCC) 4.9.2 20150212 (Red Hat 4.9.2-6)
Copyright (C) 2014 Free Software Foundation, Inc.
This is free software; see the source for copying conditions.  There is NO
warranty; not even for MERCHANTABILITY or FITNESS FOR A PARTICULAR PURPOSE.

configure:3345: $? = 0
configure:3334: gcc -v >&5
Using built-in specs.
COLLECT_GCC=gcc
COLLECT_LTO_WRAPPER=/usr/libexec/gcc/i686-redhat-linux/4.9.2/lto-wrapper
Target: i686-redhat-linux
Configured with: ../configure --prefix=/usr --mandir=/usr/share/man --infodir=/usr/share/info --with-bugurl=http://bugzilla.redhat.com/bugzilla --enable-bootstrap --enable-shared --enable-threads=posix --enable-checking=release --enable-multilib --with-system-zlib --enable-__cxa_atexit --disable-libunwind-exceptions --enable-gnu-unique-object --enable-linker-build-id --with-linker-hash-style=gnu --enable-languages=c,c++,objc,obj-c++,fortran,ada,go,lto --enable-plugin --enable-initfini-array --disable-libgcj --with-isl=/builddir/build/BUILD/gcc-4.9.2-20150212/obj-i686-redhat-linux/isl-install --with-cloog=/builddir/build/BUILD/gcc-4.9.2-20150212/obj-i686-redhat-linux/cloog-install --enable-gnu-indirect-function --with-tune=generic --with-arch=i686 --build=i686-redhat-linux
Thread model: posix
gcc version 4.9.2 20150212 (Red Hat 4.9.2-6) (GCC) 
configure:3345: $? = 0
configure:3334: gcc -V >&5
gcc: error: unrecognized command line option '-V'
gcc: fatal error: no input files
compilation terminated.
configure:3345: $? = 4
configure:3334: gcc -qversion >&5
gcc: error: unrecognized command line option '-qversion'
gcc: fatal error: no input files
compilation terminated.
configure:3345: $? = 4
configure:3365: checking whether the C compiler works
configure:3387: gcc    conftest.c  >&5
configure:3391: $? = 0
configure:3440: result: yes
configure:3443: checking for C compiler default output file name
configure:3445: result: a.out
configure:3451: checking for suffix of executables
configure:3458: gcc -o conftest    conftest.c  >&5
configure:3462: $? = 0
configure:3484: result: 
configure:3506: checking whether we are cross compiling
configure:3514: gcc -o conftest    conftest.c  >&5
configure:3518: $? = 0
configure:3525: ./conftest
configure:3529: $? = 0
configure:3544: result: no
configure:3549: checking for suffix of object files
configure:3571: gcc -c   conftest.c >&5
configure:3575: $? = 0
configure:3596: result: o
configure:3600: checking whether we are using the GNU C compiler
configure:3619: gcc -c   conftest.c >&5
configure:3619: $? = 0
configure:3628: result: yes
configure:3637: checking whether gcc accepts -g
configure:3657: gcc -c -g  conftest.c >&5
configure:3657: $? = 0
configure:3698: result: yes
configure:3715: checking for gcc option to accept ISO C89
configure:3779: gcc  -c -g -O2  conftest.c >&5
configure:3779: $? = 0
configure:3792: result: none needed
configure:3814: checking dependency style of gcc
configure:3924: result: gcc3
configure:3939: checking for a sed that does not truncate output
configure:4003: result: /usr/bin/sed
configure:4021: checking for grep that handles long lines and -e
configure:4079: result: /usr/bin/grep
configure:4084: checking for egrep
configure:4146: result: /usr/bin/grep -E
configure:4151: checking for fgrep
configure:4213: result: /usr/bin/grep -F
configure:4248: checking for ld used by gcc
configure:4315: result: /usr/bin/ld
configure:4322: checking if the linker (/usr/bin/ld) is GNU ld
configure:4337: result: yes
configure:4349: checking for BSD- or MS-compatible name lister (nm)
configure:4398: result: /usr/bin/nm -B
configure:4516: checking the name lister (/usr/bin/nm -B) interface
configure:4523: gcc -c -g -O2  conftest.c >&5
configure:4526: /usr/bin/nm -B "conftest.o"
configure:4529: output
00000000 B some_variable
configure:4536: result: BSD nm
configure:4539: checking whether ln -s works
configure:4543: result: yes
configure:4551: checking the maximum length of command line arguments
configure:4671: result: 1572864
configure:4688: checking whether the shell understands some XSI constructs
configure:4698: result: yes
configure:4702: checking whether the shell understands "+="
configure:4708: result: yes
configure:4743: checking for /usr/bin/ld option to reload object files
configure:4750: result: -r
configure:4819: checking for objdump
configure:4835: found /usr/bin/objdump
configure:4846: result: objdump
configure:4878: checking how to recognize dependent libraries
configure:5074: result: pass_all
configure:5134: checking for ar
configure:5150: found /usr/bin/ar
configure:5161: result: ar
configure:5239: checking for strip
configure:5255: found /usr/bin/strip
configure:5266: result: strip
configure:5338: checking for ranlib
configure:5354: found /usr/bin/ranlib
configure:5365: result: ranlib
configure:5455: checking command to parse /usr/bin/nm -B output from gcc object
configure:5573: gcc -c -g -O2  conftest.c >&5
configure:5576: $? = 0
configure:5580: /usr/bin/nm -B conftest.o \| sed -n -e 's/^.*[	 ]\([ABCDGIRSTW][ABCDGIRSTW]*\)[	 ][	 ]*\([_A-Za-z][_A-Za-z0-9]*\)$/\1 \2 \2/p' \> conftest.nm
configure:5583: $? = 0
configure:5637: gcc -o conftest -g -O2   conftest.c conftstm.o >&5
configure:5640: $? = 0
configure:5678: result: ok
configure:6487: checking how to run the C preprocessor
configure:6518: gcc -E  conftest.c
configure:6518: $? = 0
configure:6532: gcc -E  conftest.c
conftest.c:11:28: fatal error: ac_nonexistent.h: No such file or directory
 #include <ac_nonexistent.h>
                            ^
compilation terminated.
configure:6532: $? = 1
configure: failed program was:
| /* confdefs.h */
| #define PACKAGE_NAME "xf86-input-evdev"
| #define PACKAGE_TARNAME "xf86-input-evdev"
| #define PACKAGE_VERSION "2.5.0"
| #define PACKAGE_STRING "xf86-input-evdev 2.5.0"
| #define PACKAGE_BUGREPORT "https://bugs.freedesktop.org/enter_bug.cgi?product=xorg"
| #define PACKAGE_URL ""
| #define PACKAGE "xf86-input-evdev"
| #define VERSION "2.5.0"
| /* end confdefs.h.  */
| #include <ac_nonexistent.h>
configure:6557: result: gcc -E
configure:6577: gcc -E  conftest.c
configure:6577: $? = 0
configure:6591: gcc -E  conftest.c
conftest.c:11:28: fatal error: ac_nonexistent.h: No such file or directory
 #include <ac_nonexistent.h>
                            ^
compilation terminated.
configure:6591: $? = 1
configure: failed program was:
| /* confdefs.h */
| #define PACKAGE_NAME "xf86-input-evdev"
| #define PACKAGE_TARNAME "xf86-input-evdev"
| #define PACKAGE_VERSION "2.5.0"
| #define PACKAGE_STRING "xf86-input-evdev 2.5.0"
| #define PACKAGE_BUGREPORT "https://bugs.freedesktop.org/enter_bug.cgi?product=xorg"
| #define PACKAGE_URL ""
| #define PACKAGE "xf86-input-evdev"
| #define VERSION "2.5.0"
| /* end confdefs.h.  */
| #include <ac_nonexistent.h>
configure:6620: checking for ANSI C header files
configure:6640: gcc -c -g -O2  conftest.c >&5
configure:6640: $? = 0
configure:6713: gcc -o conftest -g -O2   conftest.c  >&5
configure:6713: $? = 0
configure:6713: ./conftest
configure:6713: $? = 0
configure:6724: result: yes
configure:6737: checking for sys/types.h
configure:6737: gcc -c -g -O2  conftest.c >&5
configure:6737: $? = 0
configure:6737: result: yes
configure:6737: checking for sys/stat.h
configure:6737: gcc -c -g -O2  conftest.c >&5
configure:6737: $? = 0
configure:6737: result: yes
configure:6737: checking for stdlib.h
configure:6737: gcc -c -g -O2  conftest.c >&5
configure:6737: $? = 0
configure:6737: result: yes
configure:6737: checking for string.h
configure:6737: gcc -c -g -O2  conftest.c >&5
configure:6737: $? = 0
configure:6737: result: yes
configure:6737: checking for memory.h
configure:6737: gcc -c -g -O2  conftest.c >&5
configure:6737: $? = 0
configure:6737: result: yes
configure:6737: checking for strings.h
configure:6737: gcc -c -g -O2  conftest.c >&5
configure:6737: $? = 0
configure:6737: result: yes
configure:6737: checking for inttypes.h
configure:6737: gcc -c -g -O2  conftest.c >&5
configure:6737: $? = 0
configure:6737: result: yes
configure:6737: checking for stdint.h
configure:6737: gcc -c -g -O2  conftest.c >&5
configure:6737: $? = 0
configure:6737: result: yes
configure:6737: checking for unistd.h
configure:6737: gcc -c -g -O2  conftest.c >&5
configure:6737: $? = 0
configure:6737: result: yes
configure:6752: checking for dlfcn.h
configure:6752: gcc -c -g -O2  conftest.c >&5
configure:6752: $? = 0
configure:6752: result: yes
configure:6906: checking for objdir
configure:6921: result: .libs
configure:7213: checking if gcc supports -fno-rtti -fno-exceptions
configure:7231: gcc -c -g -O2  -fno-rtti -fno-exceptions conftest.c >&5
cc1: warning: command line option '-fno-rtti' is valid for C++/ObjC++ but not for C
configure:7235: $? = 0
configure:7248: result: no
configure:7268: checking for gcc option to produce PIC
configure:7540: result: -fPIC -DPIC
configure:7552: checking if gcc PIC flag -fPIC -DPIC works
configure:7570: gcc -c -g -O2  -fPIC -DPIC -DPIC conftest.c >&5
configure:7574: $? = 0
configure:7587: result: yes
configure:7611: checking if gcc static flag -static works
configure:7639: result: no
configure:7654: checking if gcc supports -c -o file.o
configure:7675: gcc -c -g -O2  -o out/conftest2.o conftest.c >&5
configure:7679: $? = 0
configure:7701: result: yes
configure:7709: checking if gcc supports -c -o file.o
configure:7756: result: yes
configure:7789: checking whether the gcc linker (/usr/bin/ld) supports shared libraries
configure:8775: result: yes
configure:8812: checking whether -lc should be explicitly linked in
configure:8817: gcc -c -g -O2  conftest.c >&5
configure:8820: $? = 0
configure:8835: gcc -shared conftest.o  -v -Wl,-soname -Wl,conftest -o conftest 2\>\&1 \| /usr/bin/grep  -lc  \>/dev/null 2\>\&1
configure:8838: $? = 0
configure:8850: result: no
configure:9014: checking dynamic linker characteristics
configure:9447: gcc -o conftest -g -O2   -Wl,-rpath -Wl,/foo conftest.c  >&5
configure:9447: $? = 0
configure:9668: result: GNU/Linux ld.so
configure:9770: checking how to hardcode library paths into programs
configure:9795: result: immediate
configure:10315: checking whether stripping libraries is possible
configure:10320: result: yes
configure:10355: checking if libtool supports shared libraries
configure:10357: result: yes
configure:10360: checking whether to build shared libraries
configure:10381: result: yes
configure:10384: checking whether to build static libraries
configure:10388: result: no
configure:10436: checking for gcc option to accept ISO C99
configure:10585: gcc  -c -g -O2  conftest.c >&5
conftest.c:73:29: error: expected ';', ',' or ')' before 'text'
 test_restrict (ccp restrict text)
                             ^
conftest.c: In function 'main':
conftest.c:127:18: error: expected '=', ',', ';', 'asm' or '__attribute__' before 'newvar'
   char *restrict newvar = "Another string";
                  ^
conftest.c:127:18: error: 'newvar' undeclared (first use in this function)
conftest.c:127:18: note: each undeclared identifier is reported only once for each function it appears in
conftest.c:137:3: error: 'for' loop initial declarations are only allowed in C99 or C11 mode
   for (int i = 0; i < ia->datasize; ++i)
   ^
conftest.c:137:3: note: use option -std=c99, -std=gnu99, -std=c11 or -std=gnu11 to compile your code
configure:10585: $? = 1
configure: failed program was:
| /* confdefs.h */
| #define PACKAGE_NAME "xf86-input-evdev"
| #define PACKAGE_TARNAME "xf86-input-evdev"
| #define PACKAGE_VERSION "2.5.0"
| #define PACKAGE_STRING "xf86-input-evdev 2.5.0"
| #define PACKAGE_BUGREPORT "https://bugs.freedesktop.org/enter_bug.cgi?product=xorg"
| #define PACKAGE_URL ""
| #define PACKAGE "xf86-input-evdev"
| #define VERSION "2.5.0"
| #define STDC_HEADERS 1
| #define HAVE_SYS_TYPES_H 1
| #define HAVE_SYS_STAT_H 1
| #define HAVE_STDLIB_H 1
| #define HAVE_STRING_H 1
| #define HAVE_MEMORY_H 1
| #define HAVE_STRINGS_H 1
| #define HAVE_INTTYPES_H 1
| #define HAVE_STDINT_H 1
| #define HAVE_UNISTD_H 1
| #define HAVE_DLFCN_H 1
| #define LT_OBJDIR ".libs/"
| /* end confdefs.h.  */
| #include <stdarg.h>
| #include <stdbool.h>
| #include <stdlib.h>
| #include <wchar.h>
| #include <stdio.h>
| 
| // Check varargs macros.  These examples are taken from C99 6.10.3.5.
| #define debug(...) fprintf (stderr, __VA_ARGS__)
| #define showlist(...) puts (#__VA_ARGS__)
| #define report(test,...) ((test) ? puts (#test) : printf (__VA_ARGS__))
| static void
| test_varargs_macros (void)
| {
|   int x = 1234;
|   int y = 5678;
|   debug ("Flag");
|   debug ("X = %d\n", x);
|   showlist (The first, second, and third items.);
|   report (x>y, "x is %d but y is %d", x, y);
| }
| 
| // Check long long types.
| #define BIG64 18446744073709551615ull
| #define BIG32 4294967295ul
| #define BIG_OK (BIG64 / BIG32 == 4294967297ull && BIG64 % BIG32 == 0)
| #if !BIG_OK
|   your preprocessor is broken;
| #endif
| #if BIG_OK
| #else
|   your preprocessor is broken;
| #endif
| static long long int bignum = -9223372036854775807LL;
| static unsigned long long int ubignum = BIG64;
| 
| struct incomplete_array
| {
|   int datasize;
|   double data[];
| };
| 
| struct named_init {
|   int number;
|   const wchar_t *name;
|   double average;
| };
| 
| typedef const char *ccp;
| 
| static inline int
| test_restrict (ccp restrict text)
| {
|   // See if C++-style comments work.
|   // Iterate through items via the restricted pointer.
|   // Also check for declarations in for loops.
|   for (unsigned int i = 0; *(text+i) != '\0'; ++i)
|     continue;
|   return 0;
| }
| 
| // Check varargs and va_copy.
| static void
| test_varargs (const char *format, ...)
| {
|   va_list args;
|   va_start (args, format);
|   va_list args_copy;
|   va_copy (args_copy, args);
| 
|   const char *str;
|   int number;
|   float fnumber;
| 
|   while (*format)
|     {
|       switch (*format++)
| 	{
| 	case 's': // string
| 	  str = va_arg (args_copy, const char *);
| 	  break;
| 	case 'd': // int
| 	  number = va_arg (args_copy, int);
| 	  break;
| 	case 'f': // float
| 	  fnumber = va_arg (args_copy, double);
| 	  break;
| 	default:
| 	  break;
| 	}
|     }
|   va_end (args_copy);
|   va_end (args);
| }
| 
| int
| main ()
| {
| 
|   // Check bool.
|   _Bool success = false;
| 
|   // Check restrict.
|   if (test_restrict ("String literal") == 0)
|     success = true;
|   char *restrict newvar = "Another string";
| 
|   // Check varargs.
|   test_varargs ("s, d' f .", "string", 65, 34.234);
|   test_varargs_macros ();
| 
|   // Check flexible array members.
|   struct incomplete_array *ia =
|     malloc (sizeof (struct incomplete_array) + (sizeof (double) * 10));
|   ia->datasize = 10;
|   for (int i = 0; i < ia->datasize; ++i)
|     ia->data[i] = i * 1.234;
| 
|   // Check named initializers.
|   struct named_init ni = {
|     .number = 34,
|     .name = L"Test wide string",
|     .average = 543.34343,
|   };
| 
|   ni.number = 58;
| 
|   int dynamic_array[ni.number];
|   dynamic_array[ni.number - 1] = 543;
| 
|   // work around unused variable warnings
|   return (!success || bignum == 0LL || ubignum == 0uLL || newvar[0] == 'x'
| 	  || dynamic_array[ni.number - 1] != 543);
| 
|   ;
|   return 0;
| }
configure:10585: gcc -std=gnu99 -c -g -O2  conftest.c >&5
configure:10585: $? = 0
configure:10605: result: -std=gnu99
configure:10662: checking for pkg-config
configure:10680: found /usr/bin/pkg-config
configure:10692: result: /usr/bin/pkg-config
configure:10717: checking pkg-config is at least version 0.9.0
configure:10720: result: yes
configure:10941: checking for XORG
configure:10948: $PKG_CONFIG --exists --print-errors "xorg-server xproto inputproto"
configure:10951: $? = 0
configure:10964: $PKG_CONFIG --exists --print-errors "xorg-server xproto inputproto"
configure:10967: $? = 0
configure:11021: result: yes
configure:11179: creating ./config.status

## ---------------------- ##
## Running config.status. ##
## ---------------------- ##

This file was extended by xf86-input-evdev config.status 2.5.0, which was
generated by GNU Autoconf 2.65.  Invocation command line was

  CONFIG_FILES    = 
  CONFIG_HEADERS  = 
  CONFIG_LINKS    = 
  CONFIG_COMMANDS = 
  $ ./config.status 

on 3ecbbe1bf984

config.status:1103: creating Makefile
config.status:1103: creating src/Makefile
config.status:1103: creating man/Makefile
config.status:1103: creating include/Makefile
config.status:1103: creating xorg-evdev.pc
config.status:1103: creating config.h
config.status:1275: config.h is unchanged
config.status:1323: executing depfiles commands
config.status:1323: executing libtool commands

## ---------------- ##
## Cache variables. ##
## ---------------- ##

ac_cv_build=i686-pc-linux-gnu
ac_cv_c_compiler_gnu=yes
ac_cv_env_CC_set=
ac_cv_env_CC_value=
ac_cv_env_CFLAGS_set=
ac_cv_env_CFLAGS_value=
ac_cv_env_CPPFLAGS_set=
ac_cv_env_CPPFLAGS_value=
ac_cv_env_CPP_set=
ac_cv_env_CPP_value=
ac_cv_env_LDFLAGS_set=
ac_cv_env_LDFLAGS_value=
ac_cv_env_LIBS_set=
ac_cv_env_LIBS_value=
ac_cv_env_PKG_CONFIG_set=
ac_cv_env_PKG_CONFIG_value=
ac_cv_env_XORG_CFLAGS_set=
ac_cv_env_XORG_CFLAGS_value=
ac_cv_env_XORG_LIBS_set=
ac_cv_env_XORG_LIBS_value=
ac_cv_env_build_alias_set=
ac_cv_env_build_alias_value=
ac_cv_env_host_alias_set=
ac_cv_env_host_alias_value=
ac_cv_env_target_alias_set=
ac_cv_env_target_alias_value=
ac_cv_header_dlfcn_h=yes
ac_cv_header_inttypes_h=yes
ac_cv_header_memory_h=yes
ac_cv_header_stdc=yes
ac_cv_header_stdint_h=yes
ac_cv_header_stdlib_h=yes
ac_cv_header_string_h=yes
ac_cv_header_strings_h=yes
ac_cv_header_sys_stat_h=yes
ac_cv_header_sys_types_h=yes
ac_cv_header_unistd_h=yes
ac_cv_host=i686-pc-linux-gnu
ac_cv_objext=o
ac_cv_path_EGREP='/usr/bin/grep -E'
ac_cv_path_FGREP='/usr/bin/grep -F'
ac_cv_path_GREP=/usr/bin/grep
ac_cv_path_SED=/usr/bin/sed
ac_cv_path_ac_pt_PKG_CONFIG=/usr/bin/pkg-config
ac_cv_path_install='/usr/bin/install -c'
ac_cv_path_mkdir=/usr/bin/mkdir
ac_cv_prog_AWK=gawk
ac_cv_prog_CPP='gcc -E'
ac_cv_prog_ac_ct_AR=ar
ac_cv_prog_ac_ct_CC=gcc
ac_cv_prog_ac_ct_OBJDUMP=objdump
ac_cv_prog_ac_ct_RANLIB=ranlib
ac_cv_prog_ac_ct_STRIP=strip
ac_cv_prog_cc_c89=
ac_cv_prog_cc_c99=-std=gnu99
ac_cv_prog_cc_g=yes
ac_cv_prog_make_make_set=yes
am_cv_CC_dependencies_compiler_type=gcc3
lt_cv_deplibs_check_method=pass_all
lt_cv_file_magic_cmd='$MAGIC_CMD'
lt_cv_file_magic_test_file=
lt_cv_ld_reload_flag=-r
lt_cv_nm_interface='BSD nm'
lt_cv_objdir=.libs
lt_cv_path_LD=/usr/bin/ld
lt_cv_path_NM='/usr/bin/nm -B'
lt_cv_prog_compiler_c_o=yes
lt_cv_prog_compiler_pic_works=yes
lt_cv_prog_compiler_rtti_exceptions=no
lt_cv_prog_compiler_static_works=no
lt_cv_prog_gnu_ld=yes
lt_cv_sys_global_symbol_pipe='sed -n -e '\''s/^.*[	 ]\([ABCDGIRSTW][ABCDGIRSTW]*\)[	 ][	 ]*\([_A-Za-z][_A-Za-z0-9]*\)$/\1 \2 \2/p'\'''
lt_cv_sys_global_symbol_to_c_name_address='sed -n -e '\''s/^: \([^ ]*\) $/  {\"\1\", (void *) 0},/p'\'' -e '\''s/^[ABCDGIRSTW]* \([^ ]*\) \([^ ]*\)$/  {"\2", (void *) \&\2},/p'\'''
lt_cv_sys_global_symbol_to_c_name_address_lib_prefix='sed -n -e '\''s/^: \([^ ]*\) $/  {\"\1\", (void *) 0},/p'\'' -e '\''s/^[ABCDGIRSTW]* \([^ ]*\) \(lib[^ ]*\)$/  {"\2", (void *) \&\2},/p'\'' -e '\''s/^[ABCDGIRSTW]* \([^ ]*\) \([^ ]*\)$/  {"lib\2", (void *) \&\2},/p'\'''
lt_cv_sys_global_symbol_to_cdecl='sed -n -e '\''s/^T .* \(.*\)$/extern int \1();/p'\'' -e '\''s/^[ABCDGIRSTW]* .* \(.*\)$/extern char \1;/p'\'''
lt_cv_sys_max_cmd_len=1572864
pkg_cv_XORG_CFLAGS='-fvisibility=hidden -I/usr/include/xorg -I/usr/include/pixman-1 -I/usr/include/libdrm -I/usr/include/X11/dri '
pkg_cv_XORG_LIBS=

## ----------------- ##
## Output variables. ##
## ----------------- ##

ACLOCAL='${SHELL} /evdev/missing --run aclocal-1.11'
ADMIN_MAN_DIR='$(mandir)/man$(ADMIN_MAN_SUFFIX)'
ADMIN_MAN_SUFFIX='8'
AMDEPBACKSLASH='\'
AMDEP_FALSE='#'
AMDEP_TRUE=''
AMTAR='${SHELL} /evdev/missing --run tar'
AM_BACKSLASH='\'
AM_DEFAULT_VERBOSITY='0'
APP_MAN_DIR='$(mandir)/man$(APP_MAN_SUFFIX)'
APP_MAN_SUFFIX='1'
AR='ar'
AUTOCONF='${SHELL} /evdev/missing --run autoconf'
AUTOHEADER='${SHELL} /evdev/missing --run autoheader'
AUTOMAKE='${SHELL} /evdev/missing --run automake-1.11'
AWK='gawk'
CC='gcc -std=gnu99'
CCDEPMODE='depmode=gcc3'
CFLAGS='-g -O2'
CHANGELOG_CMD='(GIT_DIR=$(top_srcdir)/.git git log > $(top_srcdir)/.changelog.tmp && mv $(top_srcdir)/.changelog.tmp $(top_srcdir)/ChangeLog) || (rm -f $(top_srcdir)/.changelog.tmp; touch $(top_srcdir)/ChangeLog; echo '\''git directory not found: installing possibly empty changelog.'\'' >&2)'
CPP='gcc -E'
CPPFLAGS=''
CWARNFLAGS='-Wall -Wpointer-arith -Wstrict-prototypes -Wmissing-prototypes -Wmissing-declarations -Wnested-externs -fno-strict-aliasing -Wbad-function-cast -Wformat=2 -Wold-style-definition -Wdeclaration-after-statement '
CYGPATH_W='echo'
DEFS='-DHAVE_CONFIG_H'
DEPDIR='.deps'
DRIVER_MAN_DIR='$(mandir)/man$(DRIVER_MAN_SUFFIX)'
DRIVER_MAN_SUFFIX='4'
DRIVER_NAME='evdev'
DSYMUTIL=''
DUMPBIN=''
ECHO_C=''
ECHO_N='-n'
ECHO_T=''
EGREP='/usr/bin/grep -E'
EXEEXT=''
FGREP='/usr/bin/grep -F'
FILE_MAN_DIR='$(mandir)/man$(FILE_MAN_SUFFIX)'
FILE_MAN_SUFFIX='5'
GREP='/usr/bin/grep'
INSTALL_CMD='(cp -f /usr/share/util-macros/INSTALL $(top_srcdir)/.INSTALL.tmp && mv $(top_srcdir)/.INSTALL.tmp $(top_srcdir)/INSTALL) || (rm -f $(top_srcdir)/.INSTALL.tmp; touch $(top_srcdir)/INSTALL; echo '\''util-macros "pkgdatadir" from xorg-macros.pc not found: installing possibly empty INSTALL.'\'' >&2)'
INSTALL_DATA='${INSTALL} -m 644'
INSTALL_PROGRAM='${INSTALL}'
INSTALL_SCRIPT='${INSTALL}'
INSTALL_STRIP_PROGRAM='$(install_sh) -c -s'
LD='/usr/bin/ld'
LDFLAGS=''
LIBOBJS=''
LIBS=''
LIBTOOL='$(SHELL) $(top_builddir)/libtool'
LIB_MAN_DIR='$(mandir)/man$(LIB_MAN_SUFFIX)'
LIB_MAN_SUFFIX='3'
LIPO=''
LN_S='ln -s'
LTLIBOBJS=''
MAINT='#'
MAINTAINER_MODE_FALSE=''
MAINTAINER_MODE_TRUE='#'
MAKEINFO='${SHELL} /evdev/missing --run makeinfo'
MAN_SUBSTS='	-e '\''s|__vendorversion__|"$(PACKAGE_STRING)" "$(XORG_MAN_PAGE)"|'\'' 	-e '\''s|__xorgversion__|"$(PACKAGE_STRING)" "$(XORG_MAN_PAGE)"|'\'' 	-e '\''s|__xservername__|Xorg|g'\'' 	-e '\''s|__xconfigfile__|xorg.conf|g'\'' 	-e '\''s|__projectroot__|$(prefix)|g'\'' 	-e '\''s|__appmansuffix__|$(APP_MAN_SUFFIX)|g'\'' 	-e '\''s|__drivermansuffix__|$(DRIVER_MAN_SUFFIX)|g'\'' 	-e '\''s|__adminmansuffix__|$(ADMIN_MAN_SUFFIX)|g'\'' 	-e '\''s|__libmansuffix__|$(LIB_MAN_SUFFIX)|g'\'' 	-e '\''s|__miscmansuffix__|$(MISC_MAN_SUFFIX)|g'\'' 	-e '\''s|__filemansuffix__|$(FILE_MAN_SUFFIX)|g'\'''
MISC_MAN_DIR='$(mandir)/man$(MISC_MAN_SUFFIX)'
MISC_MAN_SUFFIX='7'
MKDIR_P='/usr/bin/mkdir -p'
NM='/usr/bin/nm -B'
NMEDIT=''
OBJDUMP='objdump'
OBJEXT='o'
OTOOL64=''
OTOOL=''
PACKAGE='xf86-input-evdev'
PACKAGE_BUGREPORT='https://bugs.freedesktop.org/enter_bug.cgi?product=xorg'
PACKAGE_NAME='xf86-input-evdev'
PACKAGE_STRING='xf86-input-evdev 2.5.0'
PACKAGE_TARNAME='xf86-input-evdev'
PACKAGE_URL=''
PACKAGE_VERSION='2.5.0'
PATH_SEPARATOR=':'
PKG_CONFIG='/usr/bin/pkg-config'
RANLIB='ranlib'
SED='/usr/bin/sed'
SET_MAKE=''
SHELL='/bin/sh'
STRIP='strip'
VERSION='2.5.0'
XORG_CFLAGS='-fvisibility=hidden -I/usr/include/xorg -I/usr/include/pixman-1 -I/usr/include/libdrm -I/usr/include/X11/dri '
XORG_LIBS=''
XORG_MAN_PAGE='X Version 11'
ac_ct_CC='gcc'
ac_ct_DUMPBIN=''
am__EXEEXT_FALSE=''
am__EXEEXT_TRUE='#'
am__fastdepCC_FALSE='#'
am__fastdepCC_TRUE=''
am__include='include'
am__isrc=''
am__leading_dot='.'
am__quote=''
am__tar='${AMTAR} chof - "$$tardir"'
am__untar='${AMTAR} xf -'
bindir='${exec_prefix}/bin'
build='i686-pc-linux-gnu'
build_alias=''
build_cpu='i686'
build_os='linux-gnu'
build_vendor='pc'
datadir='${datarootdir}'
datarootdir='${prefix}/share'
docdir='${datarootdir}/doc/${PACKAGE_TARNAME}'
dvidir='${docdir}'
exec_prefix='${prefix}'
host='i686-pc-linux-gnu'
host_alias=''
host_cpu='i686'
host_os='linux-gnu'
host_vendor='pc'
htmldir='${docdir}'
includedir='${prefix}/include'
infodir='${datarootdir}/info'
inputdir='${exec_prefix}/lib/xorg/modules/input'
install_sh='${SHELL} /evdev/install-sh'
libdir='${exec_prefix}/lib'
libexecdir='${exec_prefix}/libexec'
localedir='${datarootdir}/locale'
localstatedir='${prefix}/var'
lt_ECHO='echo'
mandir='${datarootdir}/man'
mkdir_p='/usr/bin/mkdir -p'
oldincludedir='/usr/include'
pdfdir='${docdir}'
prefix='/usr/local'
program_transform_name='s,x,x,'
psdir='${docdir}'
sbindir='${exec_prefix}/sbin'
sdkdir='/usr/include/xorg'
sharedstatedir='${prefix}/com'
sysconfdir='${prefix}/etc'
target_alias=''

## ----------- ##
## confdefs.h. ##
## ----------- ##

/* confdefs.h */
#define PACKAGE_NAME "xf86-input-evdev"
#define PACKAGE_TARNAME "xf86-input-evdev"
#define PACKAGE_VERSION "2.5.0"
#define PACKAGE_STRING "xf86-input-evdev 2.5.0"
#define PACKAGE_BUGREPORT "https://bugs.freedesktop.org/enter_bug.cgi?product=xorg"
#define PACKAGE_URL ""
#define PACKAGE "xf86-input-evdev"
#define VERSION "2.5.0"
#define STDC_HEADERS 1
#define HAVE_SYS_TYPES_H 1
#define HAVE_SYS_STAT_H 1
#define HAVE_STDLIB_H 1
#define HAVE_STRING_H 1
#define HAVE_MEMORY_H 1
#define HAVE_STRINGS_H 1
#define HAVE_INTTYPES_H 1
#define HAVE_STDINT_H 1
#define HAVE_UNISTD_H 1
#define HAVE_DLFCN_H 1
#define LT_OBJDIR ".libs/"
#define PACKAGE_VERSION_MAJOR 2
#define PACKAGE_VERSION_MINOR 5
#define PACKAGE_VERSION_PATCHLEVEL 0

configure: exit 0
